<?xml version="1.0" encoding="UTF-8"?>
<!-- Generated by org.testng.reporters.JUnitReportReporter -->
<testsuite hostname="DESKTOP-L3MJ2C4" failures="0" tests="2" name="Vtiger.toContactReperotory2.ToCreateOrgnazation" time="41.311" errors="0" timestamp="2024-07-10T20:22:48 PDT" skipped="0">
  <testcase classname="Vtiger.toContactReperotory2.ToCreateOrgnazation" name="TocreateOrgnazationTest_001" time="21.397"/>
  <system-out>
    <![CDATA[[ ACC67 ] Reddy191 - Organization Informationpass...]]>
  </system-out>
  <testcase classname="Vtiger.toContactReperotory2.ToCreateOrgnazation" name="TocreateOrgnazationTest_001" time="19.914"/>
  <system-out>
    <![CDATA[[ ACC68 ] Reddy750 - Organization Informationpass...]]>
  </system-out>
</testsuite> <!-- Vtiger.toContactReperotory2.ToCreateOrgnazation -->
