<?xml version="1.0" encoding="UTF-8"?>
<!-- Generated by org.testng.reporters.JUnitReportReporter -->
<testsuite hostname="DESKTOP-L3MJ2C4" failures="0" tests="1" name="GenericUtility.BaseClass2" time="2.968" errors="0" timestamp="2024-07-12T22:29:19 PDT" skipped="0">
  <testcase classname="GenericUtility.BaseClass2" name="wrokingfine" time="2.968"/>
  <system-out>
    <![CDATA[All Working Fine]]>
  </system-out>
</testsuite> <!-- GenericUtility.BaseClass2 -->
