<?xml version="1.0" encoding="UTF-8"?>
<!-- Generated by org.testng.reporters.JUnitReportReporter -->
<testsuite hostname="DESKTOP-L3MJ2C4" failures="0" tests="1" name="Vtiger.Object.Reposetory2.BaseClass2" time="2.795" errors="0" timestamp="2024-07-09T00:39:20 PDT" skipped="0">
  <testcase classname="Vtiger.Object.Reposetory2.BaseClass2" name="BrowserUrllanch" time="2.795"/>
  <system-out>
    <![CDATA[Successfully Lanch]]>
  </system-out>
</testsuite> <!-- Vtiger.Object.Reposetory2.BaseClass2 -->
